Testing: array_test1
Execution of array_test1: Success (Return value: 0)
Error output (saved to test/array_test1-sim.err):
CPU simulatior halted successfully.
branch prediction accuracy: 0.545455
cpu cycle count: 337
cpu cycle per branch: 15.318182
Output (saved to test/array_test1.out):
123
Testing: array_test2
Execution of array_test2: Success (Return value: 0)
Error output (saved to test/array_test2-sim.err):
CPU simulatior halted successfully.
branch prediction accuracy: 0.423077
cpu cycle count: 436
cpu cycle per branch: 16.769231
Output (saved to test/array_test2.out):
43
Testing: basicopt1
Execution of basicopt1: Success (Return value: 0)
Error output (saved to test/basicopt1-sim.err):
CPU simulatior halted successfully.
branch prediction accuracy: 0.461805
cpu cycle count: 1147732
cpu cycle per branch: 7.398088
Output (saved to test/basicopt1.out):
88
Testing: bulgarian
Execution of bulgarian: Success (Return value: 0)
Error output (saved to test/bulgarian-sim.err):
CPU simulatior halted successfully.
branch prediction accuracy: 0.795239
cpu cycle count: 804761
cpu cycle per branch: 11.256501
Output (saved to test/bulgarian.out):
159
Testing: expr
Execution of expr: Success (Return value: 0)
Error output (saved to test/expr-sim.err):
CPU simulatior halted successfully.
branch prediction accuracy: 0.639640
cpu cycle count: 913
cpu cycle per branch: 8.225225
Output (saved to test/expr.out):
58
Testing: gcd
Execution of gcd: Success (Return value: 0)
Error output (saved to test/gcd-sim.err):
CPU simulatior halted successfully.
branch prediction accuracy: 0.508333
cpu cycle count: 903
cpu cycle per branch: 7.525000
Output (saved to test/gcd.out):
178
Testing: hanoi
Execution of hanoi: Success (Return value: 0)
Error output (saved to test/hanoi-sim.err):
CPU simulatior halted successfully.
branch prediction accuracy: 0.499742
cpu cycle count: 402556
cpu cycle per branch: 23.059861
Output (saved to test/hanoi.out):
20
Testing: lvalue2
Execution of lvalue2: Success (Return value: 0)
Error output (saved to test/lvalue2-sim.err):
CPU simulatior halted successfully.
branch prediction accuracy: 0.333333
cpu cycle count: 90
cpu cycle per branch: 15.000000
Output (saved to test/lvalue2.out):
175
Testing: magic
Execution of magic: Success (Return value: 0)
Error output (saved to test/magic-sim.err):
CPU simulatior halted successfully.
branch prediction accuracy: 0.513740
cpu cycle count: 1317215
cpu cycle per branch: 19.408198
Output (saved to test/magic.out):
106
Testing: manyarguments
Execution of manyarguments: Success (Return value: 0)
Error output (saved to test/manyarguments-sim.err):
CPU simulatior halted successfully.
branch prediction accuracy: 0.600000
cpu cycle count: 104
cpu cycle per branch: 10.400000
Output (saved to test/manyarguments.out):
40
Testing: multiarray
Execution of multiarray: Success (Return value: 0)
Error output (saved to test/multiarray-sim.err):
CPU simulatior halted successfully.
branch prediction accuracy: 0.444444
cpu cycle count: 3381
cpu cycle per branch: 20.870370
Output (saved to test/multiarray.out):
115
Testing: naive
Execution of naive: Success (Return value: 0)
Error output (saved to test/naive-sim.err):
CPU simulatior halted successfully.
branch prediction accuracy: nan
cpu cycle count: 48
cpu cycle per branch: inf
Output (saved to test/naive.out):
94
Testing: pi
Execution of pi: Success (Return value: 0)
Error output (saved to test/pi-sim.err):
CPU simulatior halted successfully.
branch prediction accuracy: 0.548024
cpu cycle count: 203469347
cpu cycle per branch: 5.092287
Output (saved to test/pi.out):
137
Testing: qsort
Execution of qsort: Success (Return value: 0)
Error output (saved to test/qsort-sim.err):
CPU simulatior halted successfully.
branch prediction accuracy: 0.577115
cpu cycle count: 2513326
cpu cycle per branch: 12.563803
Output (saved to test/qsort.out):
105
Testing: queens
Execution of queens: Success (Return value: 0)
Error output (saved to test/queens-sim.err):
CPU simulatior halted successfully.
branch prediction accuracy: 0.574226
cpu cycle count: 1226644
cpu cycle per branch: 15.906479
Output (saved to test/queens.out):
171
Testing: sample
Execution of sample: Success (Return value: 0)
Error output (saved to test/sample-sim.err):
CPU simulatior halted successfully.
branch prediction accuracy: nan
cpu cycle count: 48
cpu cycle per branch: inf
Output (saved to test/sample.out):
94
Testing: statement_test
Execution of statement_test: Success (Return value: 0)
Error output (saved to test/statement_test-sim.err):
CPU simulatior halted successfully.
branch prediction accuracy: 0.529703
cpu cycle count: 1935
cpu cycle per branch: 9.579208
Output (saved to test/statement_test.out):
50
Testing: superloop
Execution of superloop: Success (Return value: 0)
Error output (saved to test/superloop-sim.err):
CPU simulatior halted successfully.
branch prediction accuracy: 0.477021
cpu cycle count: 1686213
cpu cycle per branch: 3.876111
Output (saved to test/superloop.out):
134
Testing: tak
Execution of tak: Success (Return value: 0)
Error output (saved to test/tak-sim.err):
CPU simulatior halted successfully.
branch prediction accuracy: 0.749996
cpu cycle count: 3835117
cpu cycle per branch: 63.245057
Output (saved to test/tak.out):
186
